Changing current working directory to: /Users/jeremy/Development/sparewo/sparewo_vendor
Resolving dependencies...
Downloading packages...
  characters 1.4.0 (1.4.1 available)
  flutter_secure_storage_linux 1.2.3 (2.0.1 available)
  flutter_secure_storage_macos 3.1.3 (4.0.0 available)
  flutter_secure_storage_platform_interface 1.1.2 (2.0.1 available)
  flutter_secure_storage_web 1.2.1 (2.0.0 available)
  flutter_secure_storage_windows 3.1.2 (4.0.0 available)
  google_sign_in 6.3.0 (7.0.0 available)
  google_sign_in_android 6.2.1 (7.0.1 available)
  google_sign_in_ios 5.9.0 (6.0.0 available)
  google_sign_in_platform_interface 2.5.0 (3.0.0 available)
  google_sign_in_web 0.12.4+4 (1.0.0 available)
  js 0.6.7 (0.7.2 available)
  leak_tracker 10.0.9 (11.0.1 available)
  leak_tracker_flutter_testing 3.0.9 (3.0.10 available)
  leak_tracker_testing 3.0.1 (3.0.2 available)
  material_color_utilities 0.11.1 (0.13.0 available)
  meta 1.16.0 (1.17.0 available)
  petitparser 6.1.0 (7.0.0 available)
  process 5.0.3 (5.0.4 available)
  test_api 0.7.4 (0.7.6 available)
  vector_math 2.1.4 (2.2.0 available)
  vm_service 15.0.0 (15.0.2 available)
  xml 6.5.0 (6.6.0 available)
Got dependencies!
23 packages have newer versions incompatible with dependency constraints.
Try `flutter pub outdated` for more information.
Launching lib/main.dart on Pixel 7 Pro in debug mode...
Running Gradle task 'assembleDebug'...                          

FAILURE: Build failed with an exception.

* Where:
Build file '/Users/jeremy/Development/sparewo/sparewo_vendor/android/app/build.gradle' line: 5

* What went wrong:
Plugin [id: 'com.google.gms.google-services'] was not found in any of the following sources:

- Gradle Core Plugins (plugin is not in 'org.gradle' namespace)
- Plugin Repositories (plugin dependency must include a version number for this source)

* Try:
> Run with --stacktrace option to get the stack trace.
> Run with --info or --debug option to get more log output.
> Run with --scan to get full insights.
> Get more help at https://help.gradle.org.

BUILD FAILED in 17s
Running Gradle task 'assembleDebug'...                             19.7s
Error: Gradle task assembleDebug failed with exit code 1
